Vivado Simulator v2023.2
Copyright 1986-2022 Xilinx, Inc. All Rights Reserved.
Copyright 2022-2023 Advanced Micro Devices, Inc. All Rights Reserved.
Running: C:/Xilinx/Vivado/2023.2/bin/unwrapped/win64.o/xelab.exe --incr --debug typical --relax --mt 2 -L xil_defaultlib -L FixedP8_16_dpu -L FixedP16_32_DPU -L INT8_16_DPU -L INT16_32_DPU -L secureip --snapshot parametricDPU_tb_behav xil_defaultlib.parametricDPU_tb -log elaborate.log 
Using 2 slave threads.
Starting static elaboration
Completed static elaboration
Starting simulation data flow analysis
Completed simulation data flow analysis
Time Resolution for simulation is 1ps
Compiling package std.standard
Compiling package std.textio
Compiling package ieee.std_logic_1164
Compiling package ieee.numeric_std
Compiling package ieee.std_logic_textio
Compiling package ieee.std_logic_arith
Compiling package ieee.std_logic_unsigned
Compiling architecture arch of entity xil_defaultlib.RightShifter4_by_max_16_comb_uid4 [rightshifter4_by_max_16_comb_uid...]
Compiling architecture arch of entity xil_defaultlib.LZC_12_comb_uid6 [lzc_12_comb_uid6_default]
Compiling architecture arch of entity xil_defaultlib.LeftShifter16_by_max_15_comb_uid8 [leftshifter16_by_max_15_comb_uid...]
Compiling architecture arch of entity xil_defaultlib.IEEEFPFMA_4_3_comb_uid2 [ieeefpfma_4_3_comb_uid2_default]
Compiling architecture behavioral of entity xil_defaultlib.DotProductUnitFP8e4m3 [dotproductunitfp8e4m3_default]
Compiling architecture arch of entity xil_defaultlib.RightShifter11_by_max_37_comb_uid4 [rightshifter11_by_max_37_comb_ui...]
Compiling architecture arch of entity xil_defaultlib.LZC_26_comb_uid6 [lzc_26_comb_uid6_default]
Compiling architecture arch of entity xil_defaultlib.LeftShifter37_by_max_36_comb_uid8 [leftshifter37_by_max_36_comb_uid...]
Compiling architecture arch of entity xil_defaultlib.IEEEFPFMA_5_10_comb_uid2 [ieeefpfma_5_10_comb_uid2_default]
Compiling architecture behavioral of entity xil_defaultlib.DotProductUnitFP16 [dotproductunitfp16_default]
Compiling architecture arch of entity xil_defaultlib.RightShifter24_by_max_76_comb_uid4 [rightshifter24_by_max_76_comb_ui...]
Compiling architecture arch of entity xil_defaultlib.LZC_52_comb_uid6 [lzc_52_comb_uid6_default]
Compiling architecture arch of entity xil_defaultlib.LeftShifter76_by_max_75_comb_uid8 [leftshifter76_by_max_75_comb_uid...]
Compiling architecture arch of entity xil_defaultlib.IEEEFPFMA_8_23_comb_uid2 [ieeefpfma_8_23_comb_uid2_default]
Compiling architecture behavioral of entity xil_defaultlib.DotProductUnitFP32 [dotproductunitfp32_default]
Compiling architecture arch of entity xil_defaultlib.LZOCShifter_6_to_6_counting_8_F0_uid6 [lzocshifter_6_to_6_counting_8_f0...]
Compiling architecture arch of entity xil_defaultlib.PositDecoder_8_0_F0_uid4 [positdecoder_8_0_f0_uid4_default]
Compiling architecture arch of entity xil_defaultlib.LZOCShifter_6_to_6_counting_8_F0_uid10 [lzocshifter_6_to_6_counting_8_f0...]
Compiling architecture arch of entity xil_defaultlib.PositDecoder_8_0_F0_uid8 [positdecoder_8_0_f0_uid8_default]
Compiling architecture arch of entity xil_defaultlib.RightShifterSticky13_by_max_7_F0_uid12 [rightshiftersticky13_by_max_7_f0...]
Compiling architecture arch of entity xil_defaultlib.PositMult_8_0_F0_uid2 [positmult_8_0_f0_uid2_default]
Compiling architecture arch of entity xil_defaultlib.Normalizer_ZO_6_6_7_comb_uid6 [normalizer_zo_6_6_7_comb_uid6_de...]
Compiling architecture arch of entity xil_defaultlib.Posit2PIF_8_0_comb_uid4 [posit2pif_8_0_comb_uid4_default]
Compiling architecture arch of entity xil_defaultlib.Normalizer_ZO_6_6_7_comb_uid10 [normalizer_zo_6_6_7_comb_uid10_d...]
Compiling architecture arch of entity xil_defaultlib.Posit2PIF_8_0_comb_uid8 [posit2pif_8_0_comb_uid8_default]
Compiling architecture arch of entity xil_defaultlib.RightShifterSticky9_by_max_9_comb_uid14 [rightshiftersticky9_by_max_9_com...]
Compiling architecture arch of entity xil_defaultlib.Normalizer_ZO_11_11_15_comb_uid16 [normalizer_zo_11_11_15_comb_uid1...]
Compiling architecture arch of entity xil_defaultlib.PIFAdd_5_5_comb_uid12 [pifadd_5_5_comb_uid12_default]
Compiling architecture arch of entity xil_defaultlib.RightShifterSticky8_by_max_8_comb_uid20 [rightshiftersticky8_by_max_8_com...]
Compiling architecture arch of entity xil_defaultlib.PIF2Posit_8_0_comb_uid18 [pif2posit_8_0_comb_uid18_default]
Compiling architecture arch of entity xil_defaultlib.MyPositAdder [mypositadder_default]
Compiling architecture behavioral of entity xil_defaultlib.DotProductUnitPosit [dotproductunitposit_default]
Compiling architecture arch of entity xil_defaultlib.LZOCShifter_14_to_14_counting_16_F0_uid6 [lzocshifter_14_to_14_counting_16...]
Compiling architecture arch of entity xil_defaultlib.PositDecoder_16_1_F0_uid4 [positdecoder_16_1_f0_uid4_defaul...]
Compiling architecture arch of entity xil_defaultlib.LZOCShifter_14_to_14_counting_16_F0_uid10 [lzocshifter_14_to_14_counting_16...]
Compiling architecture arch of entity xil_defaultlib.PositDecoder_16_1_F0_uid8 [positdecoder_16_1_f0_uid8_defaul...]
Compiling architecture arch of entity xil_defaultlib.RightShifterSticky28_by_max_15_F0_uid12 [rightshiftersticky28_by_max_15_f...]
Compiling architecture arch of entity xil_defaultlib.PositMult_16_1_F0_uid2 [positmult_16_1_f0_uid2_default]
Compiling architecture arch of entity xil_defaultlib.RightShifterSticky15_by_max_15_F0_uid12 [rightshiftersticky15_by_max_15_f...]
Compiling architecture arch of entity xil_defaultlib.LZCShifter_15_to_15_counting_16_F0_uid14 [lzcshifter_15_to_15_counting_16_...]
Compiling architecture arch of entity xil_defaultlib.RightShifterSticky18_by_max_15_F0_uid16 [rightshiftersticky18_by_max_15_f...]
Compiling architecture arch of entity xil_defaultlib.PositAdd [positadd_default]
Compiling architecture behavioral of entity xil_defaultlib.DotProductUnitPosit16 [dotproductunitposit16_default]
Compiling architecture arch of entity xil_defaultlib.LZOCShifter_30_to_30_counting_32_F0_uid6 [lzocshifter_30_to_30_counting_32...]
Compiling architecture arch of entity xil_defaultlib.PositDecoder_32_2_F0_uid4 [positdecoder_32_2_f0_uid4_defaul...]
Compiling architecture arch of entity xil_defaultlib.LZOCShifter_30_to_30_counting_32_F0_uid10 [lzocshifter_30_to_30_counting_32...]
Compiling architecture arch of entity xil_defaultlib.PositDecoder_32_2_F0_uid8 [positdecoder_32_2_f0_uid8_defaul...]
Compiling architecture arch of entity xil_defaultlib.RightShifterSticky59_by_max_31_F0_uid12 [rightshiftersticky59_by_max_31_f...]
Compiling architecture arch of entity xil_defaultlib.PositMult_32_2_F0_uid2 [positmult_32_2_f0_uid2_default]
Compiling architecture arch of entity xil_defaultlib.RightShifterSticky30_by_max_30_F0_uid12 [rightshiftersticky30_by_max_30_f...]
Compiling architecture arch of entity xil_defaultlib.LZCShifter_30_to_30_counting_32_F0_uid14 [lzcshifter_30_to_30_counting_32_...]
Compiling architecture arch of entity xil_defaultlib.RightShifterSticky34_by_max_31_F0_uid16 [rightshiftersticky34_by_max_31_f...]
Compiling architecture arch of entity xil_defaultlib.PositAdd2_32_2_F0_uid2 [positadd2_32_2_f0_uid2_default]
Compiling architecture behavioral of entity xil_defaultlib.DotProductUnitPosit32 [dotproductunitposit32_default]
Compiling architecture arch of entity fixedp8_16_dpu.MultTable_comb_uid7_fixP8_16 [multtable_comb_uid7_fixp8_16_def...]
Compiling architecture arch of entity fixedp8_16_dpu.IntMultiplierLUT_2_signedx2_signed_comb_uid5 [intmultiplierlut_2_signedx2_sign...]
Compiling architecture arch of entity fixedp8_16_dpu.MultTable_comb_uid11 [multtable_comb_uid11_default]
Compiling architecture arch of entity fixedp8_16_dpu.IntMultiplierLUT_3x2_signed_comb_uid9 [intmultiplierlut_3x2_signed_comb...]
Compiling architecture arch of entity fixedp8_16_dpu.MultTable_comb_uid15 [multtable_comb_uid15_default]
Compiling architecture arch of entity fixedp8_16_dpu.IntMultiplierLUT_3x2_signed_comb_uid13 [intmultiplierlut_3x2_signed_comb...]
Compiling architecture arch of entity fixedp8_16_dpu.MultTable_comb_uid19 [multtable_comb_uid19_default]
Compiling architecture arch of entity fixedp8_16_dpu.IntMultiplierLUT_2_signedx2_comb_uid17 [intmultiplierlut_2_signedx2_comb...]
Compiling architecture arch of entity fixedp8_16_dpu.MultTable_comb_uid23 [multtable_comb_uid23_default]
Compiling architecture arch of entity fixedp8_16_dpu.IntMultiplierLUT_3x2_comb_uid21 [intmultiplierlut_3x2_comb_uid21_...]
Compiling architecture arch of entity fixedp8_16_dpu.MultTable_comb_uid27 [multtable_comb_uid27_default]
Compiling architecture arch of entity fixedp8_16_dpu.IntMultiplierLUT_3x2_comb_uid25 [intmultiplierlut_3x2_comb_uid25_...]
Compiling architecture arch of entity fixedp8_16_dpu.MultTable_comb_uid31 [multtable_comb_uid31_default]
Compiling architecture arch of entity fixedp8_16_dpu.IntMultiplierLUT_2_signedx2_comb_uid29 [intmultiplierlut_2_signedx2_comb...]
Compiling architecture arch of entity fixedp8_16_dpu.MultTable_comb_uid35 [multtable_comb_uid35_default]
Compiling architecture arch of entity fixedp8_16_dpu.IntMultiplierLUT_3x2_comb_uid33 [intmultiplierlut_3x2_comb_uid33_...]
Compiling architecture arch of entity fixedp8_16_dpu.MultTable_comb_uid39 [multtable_comb_uid39_default]
Compiling architecture arch of entity fixedp8_16_dpu.IntMultiplierLUT_3x2_comb_uid37 [intmultiplierlut_3x2_comb_uid37_...]
Compiling architecture arch of entity fixedp8_16_dpu.MultTable_comb_uid43 [multtable_comb_uid43_default]
Compiling architecture arch of entity fixedp8_16_dpu.IntMultiplierLUT_2_signedx2_comb_uid41 [intmultiplierlut_2_signedx2_comb...]
Compiling architecture arch of entity fixedp8_16_dpu.MultTable_comb_uid47 [multtable_comb_uid47_default]
Compiling architecture arch of entity fixedp8_16_dpu.IntMultiplierLUT_3x2_comb_uid45 [intmultiplierlut_3x2_comb_uid45_...]
Compiling architecture arch of entity fixedp8_16_dpu.MultTable_comb_uid51 [multtable_comb_uid51_default]
Compiling architecture arch of entity fixedp8_16_dpu.IntMultiplierLUT_3x2_comb_uid49 [intmultiplierlut_3x2_comb_uid49_...]
Compiling architecture arch of entity fixedp8_16_dpu.Compressor_23_3_comb_uid54 [compressor_23_3_comb_uid54_defau...]
Compiling architecture arch of entity fixedp8_16_dpu.Compressor_3_2_comb_uid57 [compressor_3_2_comb_uid57_defaul...]
Compiling architecture arch of entity fixedp8_16_dpu.Compressor_14_3_comb_uid60 [compressor_14_3_comb_uid60_defau...]
Compiling architecture arch of entity fixedp8_16_dpu.Compressor_6_3_comb_uid65 [compressor_6_3_comb_uid65_defaul...]
Compiling architecture arch of entity fixedp8_16_dpu.IntAdder_11_comb_uid95 [intadder_11_comb_uid95_default]
Compiling architecture arch of entity fixedp8_16_dpu.FixMultAdd_signed_x_2_M5_y_2_M5_a_5_M10_r_5_M10_comb_uid2 [fixmultadd_signed_x_2_m5_y_2_m5_...]
Compiling architecture behavioral of entity fixedp8_16_dpu.DotProductUnit_FixedPoint8_16 [dotproductunit_fixedpoint8_16_de...]
Compiling architecture arch of entity fixedp16_32_dpu.MultTable_comb_uid7_fixP16_32 [multtable_comb_uid7_fixp16_32_de...]
Compiling architecture arch of entity fixedp16_32_dpu.IntMultiplierLUT_1_signedx2_signed_comb_uid5 [intmultiplierlut_1_signedx2_sign...]
Compiling architecture arch of entity fixedp16_32_dpu.MultTable_comb_uid11 [multtable_comb_uid11_default]
Compiling architecture arch of entity fixedp16_32_dpu.IntMultiplierLUT_3x2_signed_comb_uid9 [intmultiplierlut_3x2_signed_comb...]
Compiling architecture arch of entity fixedp16_32_dpu.MultTable_comb_uid15 [multtable_comb_uid15_default]
Compiling architecture arch of entity fixedp16_32_dpu.IntMultiplierLUT_3x2_signed_comb_uid13 [intmultiplierlut_3x2_signed_comb...]
Compiling architecture arch of entity fixedp16_32_dpu.MultTable_comb_uid19 [multtable_comb_uid19_default]
Compiling architecture arch of entity fixedp16_32_dpu.IntMultiplierLUT_3x2_signed_comb_uid17 [intmultiplierlut_3x2_signed_comb...]
Compiling architecture arch of entity fixedp16_32_dpu.MultTable_comb_uid23 [multtable_comb_uid23_default]
Compiling architecture arch of entity fixedp16_32_dpu.IntMultiplierLUT_3x2_signed_comb_uid21 [intmultiplierlut_3x2_signed_comb...]
Compiling architecture arch of entity fixedp16_32_dpu.MultTable_comb_uid27 [multtable_comb_uid27_default]
Compiling architecture arch of entity fixedp16_32_dpu.IntMultiplierLUT_3x2_signed_comb_uid25 [intmultiplierlut_3x2_signed_comb...]
Compiling architecture arch of entity fixedp16_32_dpu.MultTable_comb_uid31 [multtable_comb_uid31_default]
Compiling architecture arch of entity fixedp16_32_dpu.IntMultiplierLUT_1_signedx2_comb_uid29 [intmultiplierlut_1_signedx2_comb...]
Compiling architecture arch of entity fixedp16_32_dpu.MultTable_comb_uid35 [multtable_comb_uid35_default]
Compiling architecture arch of entity fixedp16_32_dpu.IntMultiplierLUT_3x2_comb_uid33 [intmultiplierlut_3x2_comb_uid33_...]
Compiling architecture arch of entity fixedp16_32_dpu.MultTable_comb_uid39 [multtable_comb_uid39_default]
Compiling architecture arch of entity fixedp16_32_dpu.IntMultiplierLUT_3x2_comb_uid37 [intmultiplierlut_3x2_comb_uid37_...]
Compiling architecture arch of entity fixedp16_32_dpu.MultTable_comb_uid43 [multtable_comb_uid43_default]
Compiling architecture arch of entity fixedp16_32_dpu.IntMultiplierLUT_3x2_comb_uid41 [intmultiplierlut_3x2_comb_uid41_...]
Compiling architecture arch of entity fixedp16_32_dpu.MultTable_comb_uid47 [multtable_comb_uid47_default]
Compiling architecture arch of entity fixedp16_32_dpu.IntMultiplierLUT_3x2_comb_uid45 [intmultiplierlut_3x2_comb_uid45_...]
Compiling architecture arch of entity fixedp16_32_dpu.MultTable_comb_uid51 [multtable_comb_uid51_default]
Compiling architecture arch of entity fixedp16_32_dpu.IntMultiplierLUT_3x2_comb_uid49 [intmultiplierlut_3x2_comb_uid49_...]
Compiling architecture arch of entity fixedp16_32_dpu.MultTable_comb_uid55 [multtable_comb_uid55_default]
Compiling architecture arch of entity fixedp16_32_dpu.IntMultiplierLUT_1_signedx2_comb_uid53 [intmultiplierlut_1_signedx2_comb...]
Compiling architecture arch of entity fixedp16_32_dpu.MultTable_comb_uid59 [multtable_comb_uid59_default]
Compiling architecture arch of entity fixedp16_32_dpu.IntMultiplierLUT_3x2_comb_uid57 [intmultiplierlut_3x2_comb_uid57_...]
Compiling architecture arch of entity fixedp16_32_dpu.MultTable_comb_uid63 [multtable_comb_uid63_default]
Compiling architecture arch of entity fixedp16_32_dpu.IntMultiplierLUT_3x2_comb_uid61 [intmultiplierlut_3x2_comb_uid61_...]
Compiling architecture arch of entity fixedp16_32_dpu.MultTable_comb_uid67 [multtable_comb_uid67_default]
Compiling architecture arch of entity fixedp16_32_dpu.IntMultiplierLUT_3x2_comb_uid65 [intmultiplierlut_3x2_comb_uid65_...]
Compiling architecture arch of entity fixedp16_32_dpu.MultTable_comb_uid71 [multtable_comb_uid71_default]
Compiling architecture arch of entity fixedp16_32_dpu.IntMultiplierLUT_3x2_comb_uid69 [intmultiplierlut_3x2_comb_uid69_...]
Compiling architecture arch of entity fixedp16_32_dpu.MultTable_comb_uid75 [multtable_comb_uid75_default]
Compiling architecture arch of entity fixedp16_32_dpu.IntMultiplierLUT_3x2_comb_uid73 [intmultiplierlut_3x2_comb_uid73_...]
Compiling architecture arch of entity fixedp16_32_dpu.MultTable_comb_uid79 [multtable_comb_uid79_default]
Compiling architecture arch of entity fixedp16_32_dpu.IntMultiplierLUT_1_signedx2_comb_uid77 [intmultiplierlut_1_signedx2_comb...]
Compiling architecture arch of entity fixedp16_32_dpu.MultTable_comb_uid83 [multtable_comb_uid83_default]
Compiling architecture arch of entity fixedp16_32_dpu.IntMultiplierLUT_3x2_comb_uid81 [intmultiplierlut_3x2_comb_uid81_...]
Compiling architecture arch of entity fixedp16_32_dpu.MultTable_comb_uid87 [multtable_comb_uid87_default]
Compiling architecture arch of entity fixedp16_32_dpu.IntMultiplierLUT_3x2_comb_uid85 [intmultiplierlut_3x2_comb_uid85_...]
Compiling architecture arch of entity fixedp16_32_dpu.MultTable_comb_uid91 [multtable_comb_uid91_default]
Compiling architecture arch of entity fixedp16_32_dpu.IntMultiplierLUT_3x2_comb_uid89 [intmultiplierlut_3x2_comb_uid89_...]
Compiling architecture arch of entity fixedp16_32_dpu.MultTable_comb_uid95 [multtable_comb_uid95_default]
Compiling architecture arch of entity fixedp16_32_dpu.IntMultiplierLUT_3x2_comb_uid93 [intmultiplierlut_3x2_comb_uid93_...]
Compiling architecture arch of entity fixedp16_32_dpu.MultTable_comb_uid99 [multtable_comb_uid99_default]
Compiling architecture arch of entity fixedp16_32_dpu.IntMultiplierLUT_3x2_comb_uid97 [intmultiplierlut_3x2_comb_uid97_...]
Compiling architecture arch of entity fixedp16_32_dpu.MultTable_comb_uid103 [multtable_comb_uid103_default]
Compiling architecture arch of entity fixedp16_32_dpu.IntMultiplierLUT_1_signedx2_comb_uid101 [intmultiplierlut_1_signedx2_comb...]
Compiling architecture arch of entity fixedp16_32_dpu.MultTable_comb_uid107 [multtable_comb_uid107_default]
Compiling architecture arch of entity fixedp16_32_dpu.IntMultiplierLUT_3x2_comb_uid105 [intmultiplierlut_3x2_comb_uid105...]
Compiling architecture arch of entity fixedp16_32_dpu.MultTable_comb_uid111 [multtable_comb_uid111_default]
Compiling architecture arch of entity fixedp16_32_dpu.IntMultiplierLUT_3x2_comb_uid109 [intmultiplierlut_3x2_comb_uid109...]
Compiling architecture arch of entity fixedp16_32_dpu.MultTable_comb_uid115 [multtable_comb_uid115_default]
Compiling architecture arch of entity fixedp16_32_dpu.IntMultiplierLUT_3x2_comb_uid113 [intmultiplierlut_3x2_comb_uid113...]
Compiling architecture arch of entity fixedp16_32_dpu.MultTable_comb_uid119 [multtable_comb_uid119_default]
Compiling architecture arch of entity fixedp16_32_dpu.IntMultiplierLUT_3x2_comb_uid117 [intmultiplierlut_3x2_comb_uid117...]
Compiling architecture arch of entity fixedp16_32_dpu.MultTable_comb_uid123 [multtable_comb_uid123_default]
Compiling architecture arch of entity fixedp16_32_dpu.IntMultiplierLUT_3x2_comb_uid121 [intmultiplierlut_3x2_comb_uid121...]
Compiling architecture arch of entity fixedp16_32_dpu.MultTable_comb_uid127 [multtable_comb_uid127_default]
Compiling architecture arch of entity fixedp16_32_dpu.IntMultiplierLUT_1_signedx2_comb_uid125 [intmultiplierlut_1_signedx2_comb...]
Compiling architecture arch of entity fixedp16_32_dpu.MultTable_comb_uid131 [multtable_comb_uid131_default]
Compiling architecture arch of entity fixedp16_32_dpu.IntMultiplierLUT_3x2_comb_uid129 [intmultiplierlut_3x2_comb_uid129...]
Compiling architecture arch of entity fixedp16_32_dpu.MultTable_comb_uid135 [multtable_comb_uid135_default]
Compiling architecture arch of entity fixedp16_32_dpu.IntMultiplierLUT_3x2_comb_uid133 [intmultiplierlut_3x2_comb_uid133...]
Compiling architecture arch of entity fixedp16_32_dpu.MultTable_comb_uid139 [multtable_comb_uid139_default]
Compiling architecture arch of entity fixedp16_32_dpu.IntMultiplierLUT_3x2_comb_uid137 [intmultiplierlut_3x2_comb_uid137...]
Compiling architecture arch of entity fixedp16_32_dpu.MultTable_comb_uid143 [multtable_comb_uid143_default]
Compiling architecture arch of entity fixedp16_32_dpu.IntMultiplierLUT_3x2_comb_uid141 [intmultiplierlut_3x2_comb_uid141...]
Compiling architecture arch of entity fixedp16_32_dpu.MultTable_comb_uid147 [multtable_comb_uid147_default]
Compiling architecture arch of entity fixedp16_32_dpu.IntMultiplierLUT_3x2_comb_uid145 [intmultiplierlut_3x2_comb_uid145...]
Compiling architecture arch of entity fixedp16_32_dpu.MultTable_comb_uid151 [multtable_comb_uid151_default]
Compiling architecture arch of entity fixedp16_32_dpu.IntMultiplierLUT_1_signedx2_comb_uid149 [intmultiplierlut_1_signedx2_comb...]
Compiling architecture arch of entity fixedp16_32_dpu.MultTable_comb_uid155 [multtable_comb_uid155_default]
Compiling architecture arch of entity fixedp16_32_dpu.IntMultiplierLUT_3x2_comb_uid153 [intmultiplierlut_3x2_comb_uid153...]
Compiling architecture arch of entity fixedp16_32_dpu.MultTable_comb_uid159 [multtable_comb_uid159_default]
Compiling architecture arch of entity fixedp16_32_dpu.IntMultiplierLUT_3x2_comb_uid157 [intmultiplierlut_3x2_comb_uid157...]
Compiling architecture arch of entity fixedp16_32_dpu.MultTable_comb_uid163 [multtable_comb_uid163_default]
Compiling architecture arch of entity fixedp16_32_dpu.IntMultiplierLUT_3x2_comb_uid161 [intmultiplierlut_3x2_comb_uid161...]
Compiling architecture arch of entity fixedp16_32_dpu.MultTable_comb_uid167 [multtable_comb_uid167_default]
Compiling architecture arch of entity fixedp16_32_dpu.IntMultiplierLUT_3x2_comb_uid165 [intmultiplierlut_3x2_comb_uid165...]
Compiling architecture arch of entity fixedp16_32_dpu.MultTable_comb_uid171 [multtable_comb_uid171_default]
Compiling architecture arch of entity fixedp16_32_dpu.IntMultiplierLUT_3x2_comb_uid169 [intmultiplierlut_3x2_comb_uid169...]
Compiling architecture arch of entity fixedp16_32_dpu.MultTable_comb_uid175 [multtable_comb_uid175_default]
Compiling architecture arch of entity fixedp16_32_dpu.IntMultiplierLUT_1_signedx2_comb_uid173 [intmultiplierlut_1_signedx2_comb...]
Compiling architecture arch of entity fixedp16_32_dpu.MultTable_comb_uid179 [multtable_comb_uid179_default]
Compiling architecture arch of entity fixedp16_32_dpu.IntMultiplierLUT_3x2_comb_uid177 [intmultiplierlut_3x2_comb_uid177...]
Compiling architecture arch of entity fixedp16_32_dpu.MultTable_comb_uid183 [multtable_comb_uid183_default]
Compiling architecture arch of entity fixedp16_32_dpu.IntMultiplierLUT_3x2_comb_uid181 [intmultiplierlut_3x2_comb_uid181...]
Compiling architecture arch of entity fixedp16_32_dpu.MultTable_comb_uid187 [multtable_comb_uid187_default]
Compiling architecture arch of entity fixedp16_32_dpu.IntMultiplierLUT_3x2_comb_uid185 [intmultiplierlut_3x2_comb_uid185...]
Compiling architecture arch of entity fixedp16_32_dpu.MultTable_comb_uid191 [multtable_comb_uid191_default]
Compiling architecture arch of entity fixedp16_32_dpu.IntMultiplierLUT_3x2_comb_uid189 [intmultiplierlut_3x2_comb_uid189...]
Compiling architecture arch of entity fixedp16_32_dpu.MultTable_comb_uid195 [multtable_comb_uid195_default]
Compiling architecture arch of entity fixedp16_32_dpu.IntMultiplierLUT_3x2_comb_uid193 [intmultiplierlut_3x2_comb_uid193...]
Compiling architecture arch of entity fixedp16_32_dpu.Compressor_23_3_comb_uid198 [compressor_23_3_comb_uid198_defa...]
Compiling architecture arch of entity fixedp16_32_dpu.Compressor_3_2_comb_uid201 [compressor_3_2_comb_uid201_defau...]
Compiling architecture arch of entity fixedp16_32_dpu.Compressor_14_3_comb_uid204 [compressor_14_3_comb_uid204_defa...]
Compiling architecture arch of entity fixedp16_32_dpu.Compressor_6_3_comb_uid209 [compressor_6_3_comb_uid209_defau...]
Compiling architecture arch of entity fixedp16_32_dpu.IntAdder_25_comb_uid315 [intadder_25_comb_uid315_default]
Compiling architecture arch of entity fixedp16_32_dpu.FixMultAdd_signed_x_5_M10_y_5_M10_a_11_M20_r_11_M20_comb_uid2 [fixmultadd_signed_x_5_m10_y_5_m1...]
Compiling architecture behavioral of entity fixedp16_32_dpu.DotProductUnit [dotproductunit_default]
Compiling architecture arch of entity int8_16_dpu.MultTable_comb_uid8 [multtable_comb_uid8_default]
Compiling architecture arch of entity int8_16_dpu.IntMultiplierLUT_2_signedx2_signed_comb_uid6 [intmultiplierlut_2_signedx2_sign...]
Compiling architecture arch of entity int8_16_dpu.MultTable_comb_uid12 [multtable_comb_uid12_default]
Compiling architecture arch of entity int8_16_dpu.IntMultiplierLUT_3x2_signed_comb_uid10 [intmultiplierlut_3x2_signed_comb...]
Compiling architecture arch of entity int8_16_dpu.MultTable_comb_uid16 [multtable_comb_uid16_default]
Compiling architecture arch of entity int8_16_dpu.IntMultiplierLUT_3x2_signed_comb_uid14 [intmultiplierlut_3x2_signed_comb...]
Compiling architecture arch of entity int8_16_dpu.MultTable_comb_uid20 [multtable_comb_uid20_default]
Compiling architecture arch of entity int8_16_dpu.IntMultiplierLUT_2_signedx2_comb_uid18 [intmultiplierlut_2_signedx2_comb...]
Compiling architecture arch of entity int8_16_dpu.MultTable_comb_uid24 [multtable_comb_uid24_default]
Compiling architecture arch of entity int8_16_dpu.IntMultiplierLUT_3x2_comb_uid22 [intmultiplierlut_3x2_comb_uid22_...]
Compiling architecture arch of entity int8_16_dpu.MultTable_comb_uid28 [multtable_comb_uid28_default]
Compiling architecture arch of entity int8_16_dpu.IntMultiplierLUT_3x2_comb_uid26 [intmultiplierlut_3x2_comb_uid26_...]
Compiling architecture arch of entity int8_16_dpu.MultTable_comb_uid32 [multtable_comb_uid32_default]
Compiling architecture arch of entity int8_16_dpu.IntMultiplierLUT_2_signedx2_comb_uid30 [intmultiplierlut_2_signedx2_comb...]
Compiling architecture arch of entity int8_16_dpu.MultTable_comb_uid36 [multtable_comb_uid36_default]
Compiling architecture arch of entity int8_16_dpu.IntMultiplierLUT_3x2_comb_uid34 [intmultiplierlut_3x2_comb_uid34_...]
Compiling architecture arch of entity int8_16_dpu.MultTable_comb_uid40 [multtable_comb_uid40_default]
Compiling architecture arch of entity int8_16_dpu.IntMultiplierLUT_3x2_comb_uid38 [intmultiplierlut_3x2_comb_uid38_...]
Compiling architecture arch of entity int8_16_dpu.MultTable_comb_uid44 [multtable_comb_uid44_default]
Compiling architecture arch of entity int8_16_dpu.IntMultiplierLUT_2_signedx2_comb_uid42 [intmultiplierlut_2_signedx2_comb...]
Compiling architecture arch of entity int8_16_dpu.MultTable_comb_uid48 [multtable_comb_uid48_default]
Compiling architecture arch of entity int8_16_dpu.IntMultiplierLUT_3x2_comb_uid46 [intmultiplierlut_3x2_comb_uid46_...]
Compiling architecture arch of entity int8_16_dpu.MultTable_comb_uid52 [multtable_comb_uid52_default]
Compiling architecture arch of entity int8_16_dpu.IntMultiplierLUT_3x2_comb_uid50 [intmultiplierlut_3x2_comb_uid50_...]
Compiling architecture arch of entity int8_16_dpu.Compressor_23_3_comb_uid55 [compressor_23_3_comb_uid55_defau...]
Compiling architecture arch of entity int8_16_dpu.Compressor_3_2_comb_uid58 [compressor_3_2_comb_uid58_defaul...]
Compiling architecture arch of entity int8_16_dpu.Compressor_14_3_comb_uid61 [compressor_14_3_comb_uid61_defau...]
Compiling architecture arch of entity int8_16_dpu.Compressor_6_3_comb_uid65 [compressor_6_3_comb_uid65_defaul...]
Compiling architecture arch of entity int8_16_dpu.IntAdder_10_comb_uid88 [intadder_10_comb_uid88_default]
Compiling architecture arch of entity int8_16_dpu.IntMultiplier_8x8_16_comb_uid2 [intmultiplier_8x8_16_comb_uid2_d...]
Compiling architecture arch of entity int8_16_dpu.IntAdder_16_comb_uid2 [intadder_16_comb_uid2_default]
Compiling architecture ar of entity int8_16_dpu.dot_unit_coreINT8 [dot_unit_coreint8_default]
Compiling architecture behavioral of entity int16_32_dpu.Multiplier [multiplier_default]
Compiling architecture behavioral of entity int16_32_dpu.Adder [\Adder(n=32)\]
Compiling architecture ar of entity int16_32_dpu.dot_unit_coreINT [dot_unit_coreint_default]
Compiling architecture behavioral of entity xil_defaultlib.mux_rel0 [mux_rel0_default]
Compiling architecture behavioral of entity xil_defaultlib.parametricDPUrel0 [parametricdpurel0_default]
Compiling architecture behavioral of entity xil_defaultlib.parametricdpu_tb
Built simulation snapshot parametricDPU_tb_behav
